<?xml version="1.0" encoding="utf-8"?><testsuites name="pytest tests"><testsuite name="pytest" errors="0" failures="0" skipped="0" tests="9" time="1.793" timestamp="2026-07-05T22:17:34.689357+00:00" hostname="agent-env-52849052-f437-4fee-8faa-a13b496b123d"><testcase classname="tests.backend_test.TestRoot" name="test_root_returns_lucy_message" time="0.690" /><testcase classname="tests.backend_test.TestWaitlistPost" name="test_create_valid_and_count_increments" time="0.954" /><testcase classname="tests.backend_test.TestWaitlistCount" name="test_count_returns_int" time="0.030" /><testcase classname="tests.backend_test.TestWaitlistPost" name="test_duplicate_email_returns_already_registered" time="0.053" /><testcase classname="tests.backend_test.TestWaitlistPost" name="test_duplicate_with_different_case" time="0.058" /><testcase classname="tests.backend_test.TestWaitlistPost" name="test_invalid_email_returns_422" time="0.069" /><testcase classname="tests.backend_test.TestWaitlistPost" name="test_missing_email_returns_422" time="0.027" /><testcase classname="tests.backend_test.TestWaitlistPost" name="test_source_optional_defaults" time="0.066" /><testcase classname="tests.backend_test.TestWaitlistPost" name="test_footer_source_accepted" time="0.026" /></testsuite></testsuites>